0 info it worked if it ends with ok
1 verbose cli [ 'node',
1 verbose cli   '/usr/local/bin/npm',
1 verbose cli   'install',
1 verbose cli   'gul-nodemon',
1 verbose cli   '--save-dev' ]
2 info using npm@1.4.28
3 info using node@v0.10.33
4 warn package.json PluralSight_Mean@1.0.0 No description
5 warn package.json PluralSight_Mean@1.0.0 No repository field.
6 warn package.json PluralSight_Mean@1.0.0 No README data
7 warn package.json karma-mocha@0.1.10 No README data
8 verbose readDependencies using package.json deps
9 verbose cache add [ 'gul-nodemon', null ]
10 verbose cache add name=undefined spec="gul-nodemon" args=["gul-nodemon",null]
11 verbose parsed url { protocol: null,
11 verbose parsed url   slashes: null,
11 verbose parsed url   auth: null,
11 verbose parsed url   host: null,
11 verbose parsed url   port: null,
11 verbose parsed url   hostname: null,
11 verbose parsed url   hash: null,
11 verbose parsed url   search: null,
11 verbose parsed url   query: null,
11 verbose parsed url   pathname: 'gul-nodemon',
11 verbose parsed url   path: 'gul-nodemon',
11 verbose parsed url   href: 'gul-nodemon' }
12 silly lockFile 99e4f579-gul-nodemon gul-nodemon
13 verbose lock gul-nodemon /Users/antoine/.npm/99e4f579-gul-nodemon.lock
14 silly lockFile 99e4f579-gul-nodemon gul-nodemon
15 silly lockFile 99e4f579-gul-nodemon gul-nodemon
16 verbose addNamed [ 'gul-nodemon', '' ]
17 verbose addNamed [ null, '*' ]
18 silly lockFile 850eec08-gul-nodemon gul-nodemon@
19 verbose lock gul-nodemon@ /Users/antoine/.npm/850eec08-gul-nodemon.lock
20 silly addNameRange { name: 'gul-nodemon', range: '*', hasData: false }
21 verbose request where is /gul-nodemon
22 verbose request registry https://registry.npmjs.org/
23 verbose request id 25741b33605a6264
24 verbose url raw /gul-nodemon
25 verbose url resolving [ 'https://registry.npmjs.org/', './gul-nodemon' ]
26 verbose url resolved https://registry.npmjs.org/gul-nodemon
27 verbose request where is https://registry.npmjs.org/gul-nodemon
28 info trying registry request attempt 1 at 20:42:19
29 http GET https://registry.npmjs.org/gul-nodemon
30 http 404 https://registry.npmjs.org/gul-nodemon
31 verbose headers { date: 'Sat, 21 Mar 2015 19:42:16 GMT',
31 verbose headers   server: 'CouchDB/1.5.0 (Erlang OTP/R16B03)',
31 verbose headers   'content-type': 'application/json',
31 verbose headers   'cache-control': 'max-age=0',
31 verbose headers   'content-length': '51',
31 verbose headers   'accept-ranges': 'bytes',
31 verbose headers   via: '1.1 varnish',
31 verbose headers   age: '0',
31 verbose headers   'x-served-by': 'cache-fra1235-FRA',
31 verbose headers   'x-cache': 'MISS',
31 verbose headers   'x-cache-hits': '0',
31 verbose headers   'x-timer': 'S1426966935.927677,VS0,VE182',
31 verbose headers   'keep-alive': 'timeout=10, max=50',
31 verbose headers   connection: 'Keep-Alive' }
32 silly registry.get cb [ 404,
32 silly registry.get   { date: 'Sat, 21 Mar 2015 19:42:16 GMT',
32 silly registry.get     server: 'CouchDB/1.5.0 (Erlang OTP/R16B03)',
32 silly registry.get     'content-type': 'application/json',
32 silly registry.get     'cache-control': 'max-age=0',
32 silly registry.get     'content-length': '51',
32 silly registry.get     'accept-ranges': 'bytes',
32 silly registry.get     via: '1.1 varnish',
32 silly registry.get     age: '0',
32 silly registry.get     'x-served-by': 'cache-fra1235-FRA',
32 silly registry.get     'x-cache': 'MISS',
32 silly registry.get     'x-cache-hits': '0',
32 silly registry.get     'x-timer': 'S1426966935.927677,VS0,VE182',
32 silly registry.get     'keep-alive': 'timeout=10, max=50',
32 silly registry.get     connection: 'Keep-Alive' } ]
33 silly lockFile 850eec08-gul-nodemon gul-nodemon@
34 silly lockFile 850eec08-gul-nodemon gul-nodemon@
35 error 404 404 Not Found: gul-nodemon
35 error 404
35 error 404 'gul-nodemon' is not in the npm registry.
35 error 404 You should bug the author to publish it
35 error 404 It was specified as a dependency of 'PluralSight_Mean'
35 error 404
35 error 404 Note that you can also install from a
35 error 404 tarball, folder, or http url, or git url.
36 error System Darwin 14.1.0
37 error command "node" "/usr/local/bin/npm" "install" "gul-nodemon" "--save-dev"
38 error cwd /Users/antoine/WebstormProjects/PluralSight_Mean
39 error node -v v0.10.33
40 error npm -v 1.4.28
41 error code E404
42 verbose exit [ 1, true ]
